<?xml version="1.0" encoding="UTF-8"?>
<!-- Generated by org.testng.reporters.JUnitXMLReporter -->
<testsuite ignored="0" hostname="DESKTOP-J12SV51" failures="0" tests="3" name="Default test" time="42.436" errors="0" timestamp="2022-09-08T14:08:55 EDT">
  <testcase classname="com.amazon.qa.tests.HomePageTest" name="verifyHomePageTitleTest" time="0.018"/>
  <testcase classname="com.amazon.qa.tests.HomePageTest" name="verifyHelloMansiTest" time="0.169"/>
  <testcase classname="com.amazon.qa.tests.HomePageTest" name="verifyBooksLink" time="2.092"/>
</testsuite> <!-- Default test -->
