<?xml version="1.0" encoding="UTF-8"?>
<testng-results ignored="0" total="3" passed="3" failed="0" skipped="0">
  <reporter-output>
  </reporter-output>
  <suite started-at="2022-09-08T14:08:12 EDT" name="Default suite" finished-at="2022-09-08T14:08:55 EDT" duration-ms="42436">
    <groups>
    </groups>
    <test started-at="2022-09-08T14:08:12 EDT" name="Default test" finished-at="2022-09-08T14:08:55 EDT" duration-ms="42436">
      <class name="com.amazon.qa.tests.HomePageTest">
        <test-method is-config="true" signature="setUp()[pri:0, instance:com.amazon.qa.tests.HomePageTest@7db12bb6]" started-at="2022-09-08T14:08:12 EDT" name="setUp" finished-at="2022-09-08T14:08:26 EDT" duration-ms="13466" status="PASS">
          <reporter-output>
          </reporter-output>
        </test-method> <!-- setUp -->
        <test-method signature="verifyHomePageTitleTest()[pri:1, instance:com.amazon.qa.tests.HomePageTest@7db12bb6]" started-at="2022-09-08T14:08:26 EDT" name="verifyHomePageTitleTest" finished-at="2022-09-08T14:08:26 EDT" duration-ms="18" status="PASS">
          <reporter-output>
          </reporter-output>
        </test-method> <!-- verifyHomePageTitleTest -->
        <test-method is-config="true" signature="tearDown()[pri:0, instance:com.amazon.qa.tests.HomePageTest@7db12bb6]" started-at="2022-09-08T14:08:26 EDT" name="tearDown" finished-at="2022-09-08T14:08:28 EDT" duration-ms="2482" status="PASS">
          <reporter-output>
          </reporter-output>
        </test-method> <!-- tearDown -->
        <test-method is-config="true" signature="setUp()[pri:0, instance:com.amazon.qa.tests.HomePageTest@7db12bb6]" started-at="2022-09-08T14:08:28 EDT" name="setUp" finished-at="2022-09-08T14:08:38 EDT" duration-ms="9647" status="PASS">
          <reporter-output>
          </reporter-output>
        </test-method> <!-- setUp -->
        <test-method signature="verifyHelloMansiTest()[pri:2, instance:com.amazon.qa.tests.HomePageTest@7db12bb6]" started-at="2022-09-08T14:08:38 EDT" name="verifyHelloMansiTest" finished-at="2022-09-08T14:08:38 EDT" duration-ms="169" status="PASS">
          <reporter-output>
          </reporter-output>
        </test-method> <!-- verifyHelloMansiTest -->
        <test-method is-config="true" signature="tearDown()[pri:0, instance:com.amazon.qa.tests.HomePageTest@7db12bb6]" started-at="2022-09-08T14:08:38 EDT" name="tearDown" finished-at="2022-09-08T14:08:40 EDT" duration-ms="2208" status="PASS">
          <reporter-output>
          </reporter-output>
        </test-method> <!-- tearDown -->
        <test-method is-config="true" signature="setUp()[pri:0, instance:com.amazon.qa.tests.HomePageTest@7db12bb6]" started-at="2022-09-08T14:08:40 EDT" name="setUp" finished-at="2022-09-08T14:08:50 EDT" duration-ms="9608" status="PASS">
          <reporter-output>
          </reporter-output>
        </test-method> <!-- setUp -->
        <test-method signature="verifyBooksLink()[pri:3, instance:com.amazon.qa.tests.HomePageTest@7db12bb6]" started-at="2022-09-08T14:08:50 EDT" name="verifyBooksLink" finished-at="2022-09-08T14:08:52 EDT" duration-ms="2092" status="PASS">
          <reporter-output>
          </reporter-output>
        </test-method> <!-- verifyBooksLink -->
        <test-method is-config="true" signature="tearDown()[pri:0, instance:com.amazon.qa.tests.HomePageTest@7db12bb6]" started-at="2022-09-08T14:08:52 EDT" name="tearDown" finished-at="2022-09-08T14:08:55 EDT" duration-ms="2658" status="PASS">
          <reporter-output>
          </reporter-output>
        </test-method> <!-- tearDown -->
      </class> <!-- com.amazon.qa.tests.HomePageTest -->
    </test> <!-- Default test -->
  </suite> <!-- Default suite -->
</testng-results>
